<?xml version="1.0" encoding="UTF-8"?>
<coverage generated="1707742688782" clover="3.2.0">
  <project timestamp="1707742688782" name="All files">
    <metrics statements="13" coveredstatements="13" conditionals="10" coveredconditionals="10" methods="1" coveredmethods="1" elements="24" coveredelements="24" complexity="0" loc="13" ncloc="13" packages="1" files="1" classes="1"/>
    <file name="main.js" path="C:\Users\Mytth\Desktop\Домашка\JS 2nd module\Задания по 2му модулю\ajs-homeworks-master\ajs-homeworks-master\regex\phoneValidator\src\js\main.js">
      <metrics statements="13" coveredstatements="13" conditionals="10" coveredconditionals="10" methods="1" coveredmethods="1"/>
      <line num="2" count="8" type="stmt"/>
      <line num="8" count="8" type="stmt"/>
      <line num="10" count="8" type="stmt"/>
      <line num="13" count="8" type="cond" truecount="4" falsecount="0"/>
      <line num="15" count="4" type="cond" truecount="2" falsecount="0"/>
      <line num="17" count="2" type="stmt"/>
      <line num="20" count="2" type="stmt"/>
      <line num="24" count="4" type="stmt"/>
      <line num="26" count="6" type="cond" truecount="2" falsecount="0"/>
      <line num="28" count="3" type="cond" truecount="2" falsecount="0"/>
      <line num="30" count="1" type="stmt"/>
      <line num="33" count="2" type="stmt"/>
      <line num="37" count="1" type="stmt"/>
    </file>
  </project>
</coverage>
