{"C:\\Users\\Mytth\\Desktop\\Домашка\\JS 2nd module\\Задания по 2му модулю\\ajs-homeworks-master\\ajs-homeworks-master\\regex\\userNameValidator\\src\\js\\main.js": {"path":"C:\\Users\\Mytth\\Desktop\\Домашка\\JS 2nd module\\Задания по 2му модулю\\ajs-homeworks-master\\ajs-homeworks-master\\regex\\userNameValidator\\src\\js\\main.js","statementMap":{"0":{"start":{"line":3,"column":4},"end":{"line":3,"column":29}},"1":{"start":{"line":7,"column":27},"end":{"line":7,"column":61}},"2":{"start":{"line":8,"column":27},"end":{"line":8,"column":34}},"3":{"start":{"line":9,"column":4},"end":{"line":11,"column":5}},"4":{"start":{"line":10,"column":6},"end":{"line":10,"column":18}},"5":{"start":{"line":12,"column":4},"end":{"line":12,"column":17}},"6":{"start":{"line":16,"column":4},"end":{"line":16,"column":29}}},"fnMap":{"0":{"name":"(anonymous_0)","decl":{"start":{"line":2,"column":2},"end":{"line":2,"column":3}},"loc":{"start":{"line":2,"column":24},"end":{"line":4,"column":3}},"line":2},"1":{"name":"(anonymous_1)","decl":{"start":{"line":6,"column":2},"end":{"line":6,"column":3}},"loc":{"start":{"line":6,"column":21},"end":{"line":13,"column":3}},"line":6},"2":{"name":"(anonymous_2)","decl":{"start":{"line":15,"column":2},"end":{"line":15,"column":3}},"loc":{"start":{"line":15,"column":24},"end":{"line":17,"column":3}},"line":15}},"branchMap":{"0":{"loc":{"start":{"line":9,"column":4},"end":{"line":11,"column":5}},"type":"if","locations":[{"start":{"line":9,"column":4},"end":{"line":11,"column":5}},{"start":{},"end":{}}],"line":9},"1":{"loc":{"start":{"line":9,"column":8},"end":{"line":9,"column":81}},"type":"binary-expr","locations":[{"start":{"line":9,"column":8},"end":{"line":9,"column":42}},{"start":{"line":9,"column":46},"end":{"line":9,"column":81}}],"line":9}},"s":{"0":1,"1":11,"2":11,"3":11,"4":2,"5":9,"6":10},"f":{"0":1,"1":11,"2":10},"b":{"0":[2,9],"1":[11,2]},"_coverageSchema":"1a1c01bbd47fc00a2c39e90264f33305004495a9","hash":"d6b36211875009e0179d656af81181ae3836574b"}
}
